<?xml version="1.0" encoding="UTF-8"?>
<!-- Generated by org.testng.reporters.JUnitXMLReporter -->
<testsuite hostname="Udays-MBP" name="Command line test" tests="2" failures="0" timestamp="18 Jan 2018 02:03:06 GMT" time="0.012" errors="0">
  <testcase name="exampleOfTestNgMaven" time="0.005" classname="com.javacodegeeks.testng.maven.TestNgMavenExample"/>
  <testcase name="oneMoreTest" time="0.0" classname="com.javacodegeeks.testng.maven.TestNgMavenSecondClass"/>
</testsuite> <!-- Command line test -->
