<?xml version="1.0" encoding="UTF-8"?>
<testng-results skipped="0" failed="0" total="2" passed="2">
  <reporter-output>
  </reporter-output>
  <suite name="Command line suite" duration-ms="12" started-at="2018-01-18T02:03:06Z" finished-at="2018-01-18T02:03:06Z">
    <groups>
    </groups>
    <test name="Command line test" duration-ms="12" started-at="2018-01-18T02:03:06Z" finished-at="2018-01-18T02:03:06Z">
      <class name="com.javacodegeeks.testng.maven.TestNgMavenExample">
        <test-method status="PASS" signature="exampleOfTestNgMaven()[pri:0, instance:com.javacodegeeks.testng.maven.TestNgMavenExample@5a39699c]" name="exampleOfTestNgMaven" duration-ms="5" started-at="2018-01-17T20:03:06Z" finished-at="2018-01-17T20:03:06Z">
          <reporter-output>
          </reporter-output>
        </test-method> <!-- exampleOfTestNgMaven -->
      </class> <!-- com.javacodegeeks.testng.maven.TestNgMavenExample -->
      <class name="com.javacodegeeks.testng.maven.TestNgMavenSecondClass">
        <test-method status="PASS" signature="oneMoreTest()[pri:0, instance:com.javacodegeeks.testng.maven.TestNgMavenSecondClass@58ceff1]" name="oneMoreTest" duration-ms="0" started-at="2018-01-17T20:03:06Z" finished-at="2018-01-17T20:03:06Z">
          <reporter-output>
          </reporter-output>
        </test-method> <!-- oneMoreTest -->
      </class> <!-- com.javacodegeeks.testng.maven.TestNgMavenSecondClass -->
    </test> <!-- Command line test -->
  </suite> <!-- Command line suite -->
</testng-results>
